Arguments: 
  C:\Program Files\nodejs\node.exe C:\Program Files (x86)\Yarn\bin\yarn.js add node-sass

PATH: 
  C:\Users\PC\bin;C:\Program Files\Git\mingw64\bin;C:\Program Files\Git\usr\local\bin;C:\Program Files\Git\usr\bin;C:\Program Files\Git\usr\bin;C:\Program Files\Git\mingw64\bin;C:\Program Files\Git\usr\bin;C:\Users\PC\bin;C:\Program Files\Amazon Corretto\jdk11.0.10_9\bin;C:\Program Files\Common Files\Oracle\Java\javapath;C:\Program Files (x86)\Common Files\Oracle\Java\javapath;C:\WINDOWS\system32;C:\WINDOWS;C:\WINDOWS\System32\Wbem;C:\WINDOWS\System32\WindowsPowerShell\v1.0;C:\Program Files\Intel\WiFi\bin;C:\Program Files\Common Files\Intel\WirelessCommon;C:\WINDOWS\System32\OpenSSH;C:\Program Files\PuTTY;C:\Program Files\Git\cmd;C:\Program Files (x86)\Intel\Intel(R) Management Engine Components\DAL;C:\Program Files\Intel\Intel(R) Management Engine Components\DAL;C:\Gradle\bin;C:\Program Files (x86)\GnuWin32\bin;C:\Program Files\MySQL\MySQL Server 8.0\bin;C:\Program Files\elasticsearch-7.6.1\bin;C:\Program Files\dotnet;C:\Program Files (x86)\Yarn\bin;C:\Program Files\Microsoft SQL Server\130\Tools\Binn;C:\Program Files\Microsoft SQL Server\Client SDK\ODBC\170\Tools\Binn;C:\Program Files (x86)\Microsoft SQL Server\150\Tools\Binn;C:\Program Files\Microsoft SQL Server\150\Tools\Binn;C:\Program Files\Microsoft SQL Server\150\DTS\Binn;C:\Program Files\Amazon\AWSCLIV2;C:\ProgramData\chocolatey\bin;C:\apache-maven-3.8.1\bin;C:\Scripts;C:\Users\PC\apache-tomcat-8.5\bin;C:\ProgramData\ComposerSetup\bin;C:\Program Files\nodejs;C:\Program Files\Docker\Docker\resources\bin;C:\ProgramData\DockerDesktop\version-bin;C:\Program Files\Go\bin;C:\Program Files\MySQL\MySQL Shell 8.0\bin;C:\Users\PC\AppData\Local\Microsoft\WindowsApps;C:\Program Files\Intel\WiFi\bin;C:\Program Files\Common Files\Intel\WirelessCommon;C:\Users\PC\AppData\Local\Programs\Microsoft VS Code\bin;C:\Python27;C:\Program Files\JetBrains\IntelliJ IDEA Community Edition 2019.2.4\bin;C:\Users\PC\Homestead\homestead;C:\Python27\Scripts;C:\Program Files\JetBrains\IntelliJ IDEA 2019.3.1\bin;C:\Program Files\MongoDB\Server\4.2\bin;C:\Program Files\Oracle\VirtualBox;C:\Users\PC\.dotnet\tools;C:\Users\PC\AppData\Local\Yarn\bin;C:\Program Files\JetBrains\IntelliJ IDEA Community Edition 2020.2\bin;C:\flutter\bin;C:\Users\PC\.dotnet\tools;C:\Users\PC\AppData\Local\hyper\app-3.0.2\resources\bin;C:\Program Files\PostgreSQL\12\bin;C:\Program Files\heroku\bin;C:\Program Files\JetBrains\PhpStorm 2020.3.2\bin;C:\Users\PC\AppData\Local\Microsoft\WindowsApps;C:\apache-maven-3.8.1\bin;C:\Users\PC\apache-tomcat-8.5\bin;C:\php-8.0.9;C:\Users\PC\AppData\Roaming\Composer\vendor\bin;C:\Users\PC\AppData\Roaming\npm;C:\Program Files\JetBrains\WebStorm 2021.2.1\bin;C:\Users\PC\go\bin;C:\Program Files\Git\usr\bin\vendor_perl;C:\Program Files\Git\usr\bin\core_perl

Yarn version: 
  1.22.4

Node version: 
  14.17.6

Platform: 
  win32 x64

Trace: 
  Error: https://registry.yarnpkg.com/date-fns/-/date-fns-2.25.0.tgz: ESOCKETTIMEDOUT
      at ClientRequest.<anonymous> (C:\Program Files (x86)\Yarn\lib\cli.js:141375:19)
      at Object.onceWrapper (events.js:519:28)
      at ClientRequest.emit (events.js:400:28)
      at TLSSocket.emitRequestTimeout (_http_client.js:790:9)
      at Object.onceWrapper (events.js:519:28)
      at TLSSocket.emit (events.js:412:35)
      at TLSSocket.Socket._onTimeout (net.js:484:8)
      at listOnTimeout (internal/timers.js:557:17)
      at processTimers (internal/timers.js:500:7)

npm manifest: 
  {
    "name": "gatsby-starter-default",
    "private": true,
    "description": "Personal web: blog & cv",
    "version": "0.1.0",
    "author": "Fabian Zamudio <fabian.zamudio.89@gmail.com>",
    "dependencies": {
      "@docsearch/css": "^3.0.0-alpha.41",
      "@docsearch/react": "^3.0.0-alpha.41",
      "@xstyled/styled-components": "^3.1.0",
      "bootstrap": "^4.5.3",
      "formik": "^2.2.9",
      "gatsby": "^2.24.91",
      "gatsby-awesome-pagination": "^0.3.6",
      "gatsby-image": "^2.7.0",
      "gatsby-plugin-google-fonts": "^1.0.1",
      "gatsby-plugin-manifest": "^2.4.37",
      "gatsby-plugin-offline": "^3.6.0",
      "gatsby-plugin-react-helmet": "^3.3.14",
      "gatsby-plugin-sass": "^2.8.0",
      "gatsby-plugin-sharp": "^2.6.43",
      "gatsby-source-filesystem": "^2.3.37",
      "gatsby-source-graphql": "^4.0.0",
      "gatsby-source-strapi": "0.0.12",
      "gatsby-transformer-sharp": "^2.5.20",
      "lodash": "^4.17.20",
      "moment": "^2.29.1",
      "node-sass": "^4.14.1",
      "polished": "^4.1.3",
      "prop-types": "^15.7.2",
      "react": "^16.12.0",
      "react-bootstrap": "^1.4.0",
      "react-dom": "^16.12.0",
      "react-google-recaptcha": "^2.1.0",
      "react-helmet": "^6.1.0",
      "react-icons": "^4.3.1",
      "reakit": "^1.3.10",
      "sass": "^1.43.4",
      "styled-components": "^5.3.3",
      "yup": "^0.32.11"
    },
    "devDependencies": {
      "prettier": "2.1.2"
    },
    "keywords": [
      "gatsby"
    ],
    "license": "0BSD",
    "scripts": {
      "build": "gatsby build",
      "develop": "gatsby develop",
      "format": "prettier --write \"**/*.{js,jsx,ts,tsx,json,md}\"",
      "start": "npm run develop",
      "serve": "gatsby serve",
      "clean": "gatsby clean",
      "test": "echo \"Write tests! -> https://gatsby.dev/unit-testing\" && exit 1"
    },
    "bugs": {
      "url": "https://github.com/gatsbyjs/gatsby/issues"
    }
  }

yarn manifest: 
  No manifest

Lockfile: 
  No lockfile
